{"/home/netanelv/Desktop/projects/mashov-io/client/src/App.tsx": {"path":"/home/netanelv/Desktop/projects/mashov-io/client/src/App.tsx","statementMap":{"0":{"start":{"line":5,"column":26},"end":{"line":5,"column":41}},"1":{"start":{"line":6,"column":28},"end":{"line":6,"column":40}},"2":{"start":{"line":8,"column":2},"end":{"line":16,"column":4}},"3":{"start":{"line":10,"column":51},"end":{"line":10,"column":64}},"4":{"start":{"line":12,"column":47},"end":{"line":12,"column":61}},"5":{"start":{"line":13,"column":117},"end":{"line":13,"column":141}},"6":{"start":{"line":14,"column":127},"end":{"line":14,"column":151}}},"fnMap":{"0":{"name":"App","decl":{"start":{"line":4,"column":9},"end":{"line":4,"column":12}},"loc":{"start":{"line":4,"column":15},"end":{"line":17,"column":1}},"line":4},"1":{"name":"(anonymous_1)","decl":{"start":{"line":10,"column":45},"end":{"line":10,"column":46}},"loc":{"start":{"line":10,"column":51},"end":{"line":10,"column":64}},"line":10},"2":{"name":"(anonymous_2)","decl":{"start":{"line":12,"column":41},"end":{"line":12,"column":42}},"loc":{"start":{"line":12,"column":47},"end":{"line":12,"column":61}},"line":12},"3":{"name":"(anonymous_3)","decl":{"start":{"line":13,"column":110},"end":{"line":13,"column":111}},"loc":{"start":{"line":13,"column":117},"end":{"line":13,"column":141}},"line":13},"4":{"name":"(anonymous_4)","decl":{"start":{"line":14,"column":120},"end":{"line":14,"column":121}},"loc":{"start":{"line":14,"column":127},"end":{"line":14,"column":151}},"line":14}},"branchMap":{},"s":{"0":0,"1":0,"2":0,"3":0,"4":0,"5":0,"6":0},"f":{"0":0,"1":0,"2":0,"3":0,"4":0},"b":{}}
,"/home/netanelv/Desktop/projects/mashov-io/client/src/ui/ modal/Modal.styled.ts": {"path":"/home/netanelv/Desktop/projects/mashov-io/client/src/ui/ modal/Modal.styled.ts","statementMap":{"0":{"start":{"line":3,"column":27},"end":{"line":13,"column":1}},"1":{"start":{"line":15,"column":28},"end":{"line":20,"column":1}},"2":{"start":{"line":16,"column":29},"end":{"line":16,"column":55}}},"fnMap":{"0":{"name":"(anonymous_0)","decl":{"start":{"line":16,"column":16},"end":{"line":16,"column":17}},"loc":{"start":{"line":16,"column":29},"end":{"line":16,"column":55}},"line":16}},"branchMap":{},"s":{"0":1,"1":1,"2":4},"f":{"0":4},"b":{},"_coverageSchema":"1a1c01bbd47fc00a2c39e90264f33305004495a9","hash":"a4effe941d23dd59637df6f0537d21bc30ef68c1"}
,"/home/netanelv/Desktop/projects/mashov-io/client/src/ui/ modal/Modal.tsx": {"path":"/home/netanelv/Desktop/projects/mashov-io/client/src/ui/ modal/Modal.tsx","statementMap":{"0":{"start":{"line":12,"column":21},"end":{"line":42,"column":1}},"1":{"start":{"line":13,"column":4},"end":{"line":20,"column":23}},"2":{"start":{"line":14,"column":26},"end":{"line":18,"column":13}},"3":{"start":{"line":15,"column":16},"end":{"line":17,"column":17}},"4":{"start":{"line":16,"column":20},"end":{"line":16,"column":34}},"5":{"start":{"line":19,"column":12},"end":{"line":19,"column":54}},"6":{"start":{"line":22,"column":4},"end":{"line":39,"column":5}},"7":{"start":{"line":23,"column":8},"end":{"line":38,"column":9}},"8":{"start":{"line":33,"column":36},"end":{"line":33,"column":55}},"9":{"start":{"line":41,"column":4},"end":{"line":41,"column":16}}},"fnMap":{"0":{"name":"(anonymous_0)","decl":{"start":{"line":12,"column":21},"end":{"line":12,"column":22}},"loc":{"start":{"line":12,"column":80},"end":{"line":42,"column":1}},"line":12},"1":{"name":"(anonymous_1)","decl":{"start":{"line":13,"column":14},"end":{"line":13,"column":15}},"loc":{"start":{"line":13,"column":20},"end":{"line":20,"column":5}},"line":13},"2":{"name":"(anonymous_2)","decl":{"start":{"line":14,"column":26},"end":{"line":14,"column":27}},"loc":{"start":{"line":14,"column":38},"end":{"line":18,"column":13}},"line":14},"3":{"name":"(anonymous_3)","decl":{"start":{"line":33,"column":29},"end":{"line":33,"column":30}},"loc":{"start":{"line":33,"column":36},"end":{"line":33,"column":55}},"line":33}},"branchMap":{"0":{"loc":{"start":{"line":15,"column":16},"end":{"line":17,"column":17}},"type":"if","locations":[{"start":{"line":15,"column":16},"end":{"line":17,"column":17}},{"start":{},"end":{}}],"line":15},"1":{"loc":{"start":{"line":22,"column":4},"end":{"line":39,"column":5}},"type":"if","locations":[{"start":{"line":22,"column":4},"end":{"line":39,"column":5}},{"start":{},"end":{}}],"line":22}},"s":{"0":1,"1":5,"2":5,"3":5,"4":2,"5":5,"6":5,"7":4,"8":1,"9":1},"f":{"0":5,"1":5,"2":5,"3":1},"b":{"0":[2,3],"1":[4,1]},"_coverageSchema":"1a1c01bbd47fc00a2c39e90264f33305004495a9","hash":"278c5435e457e6281f28a46f0c1f33aad7f10a80"}
,"/home/netanelv/Desktop/projects/mashov-io/client/src/ui/Skeleton/Skeleton.styled.ts": {"path":"/home/netanelv/Desktop/projects/mashov-io/client/src/ui/Skeleton/Skeleton.styled.ts","statementMap":{"0":{"start":{"line":4,"column":33},"end":{"line":16,"column":1}},"1":{"start":{"line":18,"column":30},"end":{"line":23,"column":1}},"2":{"start":{"line":20,"column":26},"end":{"line":20,"column":41}},"3":{"start":{"line":21,"column":28},"end":{"line":21,"column":44}}},"fnMap":{"0":{"name":"(anonymous_0)","decl":{"start":{"line":20,"column":11},"end":{"line":20,"column":12}},"loc":{"start":{"line":20,"column":26},"end":{"line":20,"column":41}},"line":20},"1":{"name":"(anonymous_1)","decl":{"start":{"line":21,"column":12},"end":{"line":21,"column":13}},"loc":{"start":{"line":21,"column":28},"end":{"line":21,"column":44}},"line":21}},"branchMap":{"0":{"loc":{"start":{"line":20,"column":26},"end":{"line":20,"column":41}},"type":"binary-expr","locations":[{"start":{"line":20,"column":26},"end":{"line":20,"column":31}},{"start":{"line":20,"column":35},"end":{"line":20,"column":41}}],"line":20},"1":{"loc":{"start":{"line":21,"column":28},"end":{"line":21,"column":44}},"type":"binary-expr","locations":[{"start":{"line":21,"column":28},"end":{"line":21,"column":34}},{"start":{"line":21,"column":38},"end":{"line":21,"column":44}}],"line":21}},"s":{"0":1,"1":1,"2":3,"3":3},"f":{"0":3,"1":3},"b":{"0":[3,1],"1":[3,1]},"_coverageSchema":"1a1c01bbd47fc00a2c39e90264f33305004495a9","hash":"f6c7f253c1e209273daf782ebb1de268096ebdd6"}
,"/home/netanelv/Desktop/projects/mashov-io/client/src/ui/Skeleton/Skeleton.tsx": {"path":"/home/netanelv/Desktop/projects/mashov-io/client/src/ui/Skeleton/Skeleton.tsx","statementMap":{"0":{"start":{"line":10,"column":24},"end":{"line":14,"column":1}},"1":{"start":{"line":11,"column":48},"end":{"line":11,"column":53}},"2":{"start":{"line":13,"column":2},"end":{"line":13,"column":100}}},"fnMap":{"0":{"name":"(anonymous_0)","decl":{"start":{"line":10,"column":24},"end":{"line":10,"column":25}},"loc":{"start":{"line":10,"column":50},"end":{"line":14,"column":1}},"line":10}},"branchMap":{},"s":{"0":1,"1":3,"2":3},"f":{"0":3},"b":{},"_coverageSchema":"1a1c01bbd47fc00a2c39e90264f33305004495a9","hash":"b7506070c3cc23f833d092ddc8ee80fc7a0d324b"}
,"/home/netanelv/Desktop/projects/mashov-io/client/src/ui/button/Button.styled.ts": {"path":"/home/netanelv/Desktop/projects/mashov-io/client/src/ui/button/Button.styled.ts","statementMap":{"0":{"start":{"line":4,"column":21},"end":{"line":8,"column":1}},"1":{"start":{"line":10,"column":24},"end":{"line":19,"column":1}},"2":{"start":{"line":11,"column":25},"end":{"line":11,"column":57}},"3":{"start":{"line":21,"column":23},"end":{"line":30,"column":1}},"4":{"start":{"line":23,"column":20},"end":{"line":23,"column":52}},"5":{"start":{"line":24,"column":33},"end":{"line":24,"column":65}},"6":{"start":{"line":32,"column":19},"end":{"line":40,"column":1}},"7":{"start":{"line":38,"column":22},"end":{"line":38,"column":54}},"8":{"start":{"line":42,"column":25},"end":{"line":53,"column":1}},"9":{"start":{"line":43,"column":4},"end":{"line":45,"column":5}},"10":{"start":{"line":44,"column":8},"end":{"line":44,"column":26}},"11":{"start":{"line":47,"column":4},"end":{"line":52,"column":5}},"12":{"start":{"line":49,"column":12},"end":{"line":49,"column":35}},"13":{"start":{"line":51,"column":12},"end":{"line":51,"column":34}},"14":{"start":{"line":55,"column":28},"end":{"line":57,"column":1}},"15":{"start":{"line":56,"column":13},"end":{"line":56,"column":56}}},"fnMap":{"0":{"name":"(anonymous_0)","decl":{"start":{"line":11,"column":16},"end":{"line":11,"column":17}},"loc":{"start":{"line":11,"column":25},"end":{"line":11,"column":57}},"line":11},"1":{"name":"(anonymous_1)","decl":{"start":{"line":23,"column":11},"end":{"line":23,"column":12}},"loc":{"start":{"line":23,"column":20},"end":{"line":23,"column":52}},"line":23},"2":{"name":"(anonymous_2)","decl":{"start":{"line":24,"column":24},"end":{"line":24,"column":25}},"loc":{"start":{"line":24,"column":33},"end":{"line":24,"column":65}},"line":24},"3":{"name":"(anonymous_3)","decl":{"start":{"line":38,"column":13},"end":{"line":38,"column":14}},"loc":{"start":{"line":38,"column":22},"end":{"line":38,"column":54}},"line":38},"4":{"name":"(anonymous_4)","decl":{"start":{"line":42,"column":25},"end":{"line":42,"column":26}},"loc":{"start":{"line":42,"column":69},"end":{"line":53,"column":1}},"line":42},"5":{"name":"(anonymous_5)","decl":{"start":{"line":56,"column":4},"end":{"line":56,"column":5}},"loc":{"start":{"line":56,"column":13},"end":{"line":56,"column":56}},"line":56}},"branchMap":{"0":{"loc":{"start":{"line":43,"column":4},"end":{"line":45,"column":5}},"type":"if","locations":[{"start":{"line":43,"column":4},"end":{"line":45,"column":5}},{"start":{},"end":{}}],"line":43},"1":{"loc":{"start":{"line":47,"column":4},"end":{"line":52,"column":5}},"type":"switch","locations":[{"start":{"line":48,"column":8},"end":{"line":49,"column":35}},{"start":{"line":50,"column":8},"end":{"line":51,"column":34}}],"line":47}},"s":{"0":1,"1":1,"2":1,"3":1,"4":1,"5":1,"6":1,"7":1,"8":1,"9":3,"10":1,"11":2,"12":1,"13":1,"14":1,"15":3},"f":{"0":1,"1":1,"2":1,"3":1,"4":3,"5":3},"b":{"0":[1,2],"1":[1,1]},"_coverageSchema":"1a1c01bbd47fc00a2c39e90264f33305004495a9","hash":"3989e2c91f101f0f8113f62da577936e6b5d992d"}
,"/home/netanelv/Desktop/projects/mashov-io/client/src/ui/button/Button.tsx": {"path":"/home/netanelv/Desktop/projects/mashov-io/client/src/ui/button/Button.tsx","statementMap":{"0":{"start":{"line":5,"column":22},"end":{"line":25,"column":1}},"1":{"start":{"line":12,"column":4},"end":{"line":24,"column":5}}},"fnMap":{"0":{"name":"(anonymous_0)","decl":{"start":{"line":5,"column":22},"end":{"line":5,"column":23}},"loc":{"start":{"line":11,"column":19},"end":{"line":25,"column":1}},"line":11}},"branchMap":{"0":{"loc":{"start":{"line":16,"column":16},"end":{"line":16,"column":37}},"type":"cond-expr","locations":[{"start":{"line":16,"column":23},"end":{"line":16,"column":26}},{"start":{"line":16,"column":29},"end":{"line":16,"column":37}}],"line":16},"1":{"loc":{"start":{"line":17,"column":18},"end":{"line":17,"column":42}},"type":"cond-expr","locations":[{"start":{"line":17,"column":25},"end":{"line":17,"column":31}},{"start":{"line":17,"column":34},"end":{"line":17,"column":42}}],"line":17}},"s":{"0":1,"1":3},"f":{"0":3},"b":{"0":[1,2],"1":[1,2]},"_coverageSchema":"1a1c01bbd47fc00a2c39e90264f33305004495a9","hash":"cbda7c5e423f157c7bb4ce16b3dfb01d31439fa9"}
,"/home/netanelv/Desktop/projects/mashov-io/client/src/ui/text-field/TextField.styled.ts": {"path":"/home/netanelv/Desktop/projects/mashov-io/client/src/ui/text-field/TextField.styled.ts","statementMap":{"0":{"start":{"line":3,"column":21},"end":{"line":13,"column":1}},"1":{"start":{"line":3,"column":41},"end":{"line":13,"column":1}},"2":{"start":{"line":8,"column":20},"end":{"line":8,"column":59}},"3":{"start":{"line":9,"column":33},"end":{"line":9,"column":72}},"4":{"start":{"line":15,"column":34},"end":{"line":17,"column":1}},"5":{"start":{"line":19,"column":21},"end":{"line":23,"column":1}},"6":{"start":{"line":22,"column":20},"end":{"line":22,"column":65}},"7":{"start":{"line":25,"column":27},"end":{"line":28,"column":1}},"8":{"start":{"line":26,"column":13},"end":{"line":26,"column":38}},"9":{"start":{"line":30,"column":24},"end":{"line":33,"column":1}},"10":{"start":{"line":31,"column":13},"end":{"line":31,"column":38}},"11":{"start":{"line":35,"column":26},"end":{"line":39,"column":1}},"12":{"start":{"line":38,"column":20},"end":{"line":38,"column":65}}},"fnMap":{"0":{"name":"(anonymous_0)","decl":{"start":{"line":3,"column":21},"end":{"line":3,"column":22}},"loc":{"start":{"line":3,"column":41},"end":{"line":13,"column":1}},"line":3},"1":{"name":"(anonymous_1)","decl":{"start":{"line":8,"column":11},"end":{"line":8,"column":12}},"loc":{"start":{"line":8,"column":20},"end":{"line":8,"column":59}},"line":8},"2":{"name":"(anonymous_2)","decl":{"start":{"line":9,"column":24},"end":{"line":9,"column":25}},"loc":{"start":{"line":9,"column":33},"end":{"line":9,"column":72}},"line":9},"3":{"name":"(anonymous_3)","decl":{"start":{"line":22,"column":11},"end":{"line":22,"column":12}},"loc":{"start":{"line":22,"column":20},"end":{"line":22,"column":65}},"line":22},"4":{"name":"(anonymous_4)","decl":{"start":{"line":26,"column":4},"end":{"line":26,"column":5}},"loc":{"start":{"line":26,"column":13},"end":{"line":26,"column":38}},"line":26},"5":{"name":"(anonymous_5)","decl":{"start":{"line":31,"column":4},"end":{"line":31,"column":5}},"loc":{"start":{"line":31,"column":13},"end":{"line":31,"column":38}},"line":31},"6":{"name":"(anonymous_6)","decl":{"start":{"line":38,"column":11},"end":{"line":38,"column":12}},"loc":{"start":{"line":38,"column":20},"end":{"line":38,"column":65}},"line":38}},"branchMap":{"0":{"loc":{"start":{"line":8,"column":20},"end":{"line":8,"column":59}},"type":"binary-expr","locations":[{"start":{"line":8,"column":20},"end":{"line":8,"column":25}},{"start":{"line":8,"column":29},"end":{"line":8,"column":59}}],"line":8},"1":{"loc":{"start":{"line":9,"column":33},"end":{"line":9,"column":72}},"type":"binary-expr","locations":[{"start":{"line":9,"column":33},"end":{"line":9,"column":38}},{"start":{"line":9,"column":42},"end":{"line":9,"column":72}}],"line":9},"2":{"loc":{"start":{"line":22,"column":20},"end":{"line":22,"column":65}},"type":"binary-expr","locations":[{"start":{"line":22,"column":20},"end":{"line":22,"column":31}},{"start":{"line":22,"column":35},"end":{"line":22,"column":65}}],"line":22},"3":{"loc":{"start":{"line":38,"column":20},"end":{"line":38,"column":65}},"type":"binary-expr","locations":[{"start":{"line":38,"column":20},"end":{"line":38,"column":31}},{"start":{"line":38,"column":35},"end":{"line":38,"column":65}}],"line":38}},"s":{"0":1,"1":3,"2":3,"3":3,"4":1,"5":1,"6":3,"7":1,"8":2,"9":1,"10":1,"11":1,"12":3},"f":{"0":3,"1":3,"2":3,"3":3,"4":2,"5":1,"6":3},"b":{"0":[3,1],"1":[3,1],"2":[3,1],"3":[3,1]},"_coverageSchema":"1a1c01bbd47fc00a2c39e90264f33305004495a9","hash":"85944f8062fc3512456af96163c9ea93e0717cb3"}
,"/home/netanelv/Desktop/projects/mashov-io/client/src/ui/text-field/TextField.tsx": {"path":"/home/netanelv/Desktop/projects/mashov-io/client/src/ui/text-field/TextField.tsx","statementMap":{"0":{"start":{"line":15,"column":25},"end":{"line":36,"column":1}},"1":{"start":{"line":25,"column":4},"end":{"line":35,"column":5}}},"fnMap":{"0":{"name":"(anonymous_0)","decl":{"start":{"line":15,"column":25},"end":{"line":15,"column":26}},"loc":{"start":{"line":24,"column":22},"end":{"line":36,"column":1}},"line":24}},"branchMap":{"0":{"loc":{"start":{"line":21,"column":2},"end":{"line":21,"column":15}},"type":"default-arg","locations":[{"start":{"line":21,"column":10},"end":{"line":21,"column":15}}],"line":21},"1":{"loc":{"start":{"line":23,"column":2},"end":{"line":23,"column":19}},"type":"default-arg","locations":[{"start":{"line":23,"column":14},"end":{"line":23,"column":19}}],"line":23},"2":{"loc":{"start":{"line":28,"column":13},"end":{"line":32,"column":13}},"type":"cond-expr","locations":[{"start":{"line":29,"column":16},"end":{"line":29,"column":143}},{"start":{"line":31,"column":16},"end":{"line":31,"column":146}}],"line":28}},"s":{"0":1,"1":3},"f":{"0":3},"b":{"0":[2],"1":[2],"2":[1,2]},"_coverageSchema":"1a1c01bbd47fc00a2c39e90264f33305004495a9","hash":"92643d7c99198adb3b5c04dc8bb371e59d43e166"}
}
