{"/home/netanelv/Desktop/projects/mashov-io/client/src/App.tsx": {"path":"/home/netanelv/Desktop/projects/mashov-io/client/src/App.tsx","statementMap":{"0":{"start":{"line":4,"column":2},"end":{"line":8,"column":4}}},"fnMap":{"0":{"name":"App","decl":{"start":{"line":3,"column":9},"end":{"line":3,"column":12}},"loc":{"start":{"line":3,"column":15},"end":{"line":9,"column":1}},"line":3}},"branchMap":{},"s":{"0":0},"f":{"0":0},"b":{}}
,"/home/netanelv/Desktop/projects/mashov-io/client/src/index.tsx": {"path":"/home/netanelv/Desktop/projects/mashov-io/client/src/index.tsx","statementMap":{"0":{"start":{"line":5,"column":13},"end":{"line":7,"column":1}},"1":{"start":{"line":9,"column":0},"end":{"line":13,"column":2}}},"fnMap":{},"branchMap":{},"s":{"0":0,"1":0},"f":{},"b":{}}
,"/home/netanelv/Desktop/projects/mashov-io/client/src/routes.tsx": {"path":"/home/netanelv/Desktop/projects/mashov-io/client/src/routes.tsx","statementMap":{},"fnMap":{},"branchMap":{},"s":{},"f":{},"b":{}}
,"/home/netanelv/Desktop/projects/mashov-io/client/src/styled/index.ts": {"path":"/home/netanelv/Desktop/projects/mashov-io/client/src/styled/index.ts","statementMap":{},"fnMap":{},"branchMap":{},"s":{},"f":{},"b":{}}
,"/home/netanelv/Desktop/projects/mashov-io/client/src/ui/text-field/TextField.tsx": {"path":"/home/netanelv/Desktop/projects/mashov-io/client/src/ui/text-field/TextField.tsx","statementMap":{"0":{"start":{"line":7,"column":18},"end":{"line":14,"column":1}},"1":{"start":{"line":8,"column":4},"end":{"line":13,"column":5}}},"fnMap":{"0":{"name":"(anonymous_0)","decl":{"start":{"line":7,"column":18},"end":{"line":7,"column":19}},"loc":{"start":{"line":7,"column":47},"end":{"line":14,"column":1}},"line":7}},"branchMap":{},"s":{"0":1,"1":1},"f":{"0":1},"b":{},"_coverageSchema":"1a1c01bbd47fc00a2c39e90264f33305004495a9","hash":"dfb668a8a9d99336553a95ab9a7f6e7ea708afc9"}
,"/home/netanelv/Desktop/projects/mashov-io/client/src/ui/text-field/stories/TextField.stories.tsx": {"path":"/home/netanelv/Desktop/projects/mashov-io/client/src/ui/text-field/stories/TextField.stories.tsx","statementMap":{"0":{"start":{"line":11,"column":51},"end":{"line":11,"column":84}},"1":{"start":{"line":11,"column":61},"end":{"line":11,"column":84}},"2":{"start":{"line":13,"column":23},"end":{"line":13,"column":40}},"3":{"start":{"line":14,"column":0},"end":{"line":16,"column":2}},"4":{"start":{"line":18,"column":0},"end":{"line":20,"column":1}}},"fnMap":{"0":{"name":"(anonymous_0)","decl":{"start":{"line":11,"column":51},"end":{"line":11,"column":52}},"loc":{"start":{"line":11,"column":61},"end":{"line":11,"column":84}},"line":11}},"branchMap":{},"s":{"0":0,"1":0,"2":0,"3":0,"4":0},"f":{"0":0},"b":{}}
}
