TN:
SF:src/App.tsx
FN:4,App
FN:10,(anonymous_1)
FN:12,(anonymous_2)
FN:13,(anonymous_3)
FN:14,(anonymous_4)
FNF:5
FNH:0
FNDA:0,App
FNDA:0,(anonymous_1)
FNDA:0,(anonymous_2)
FNDA:0,(anonymous_3)
FNDA:0,(anonymous_4)
DA:5,0
DA:6,0
DA:8,0
DA:10,0
DA:12,0
DA:13,0
DA:14,0
LF:7
LH:0
BRF:0
BRH:0
end_of_record
TN:
SF:src/ui/ modal/Modal.styled.ts
FN:16,(anonymous_0)
FNF:1
FNH:1
FNDA:4,(anonymous_0)
DA:3,1
DA:15,1
DA:16,4
LF:3
LH:3
BRF:0
BRH:0
end_of_record
TN:
SF:src/ui/ modal/Modal.tsx
FN:12,(anonymous_0)
FN:13,(anonymous_1)
FN:14,(anonymous_2)
FN:33,(anonymous_3)
FNF:4
FNH:4
FNDA:5,(anonymous_0)
FNDA:5,(anonymous_1)
FNDA:5,(anonymous_2)
FNDA:1,(anonymous_3)
DA:12,1
DA:13,5
DA:14,5
DA:15,5
DA:16,2
DA:19,5
DA:22,5
DA:23,4
DA:33,1
DA:41,1
LF:10
LH:10
BRDA:15,0,0,2
BRDA:15,0,1,3
BRDA:22,1,0,4
BRDA:22,1,1,1
BRF:4
BRH:4
end_of_record
TN:
SF:src/ui/Skeleton/Skeleton.styled.ts
FN:20,(anonymous_0)
FN:21,(anonymous_1)
FNF:2
FNH:2
FNDA:3,(anonymous_0)
FNDA:3,(anonymous_1)
DA:4,1
DA:18,1
DA:20,3
DA:21,3
LF:4
LH:4
BRDA:20,0,0,3
BRDA:20,0,1,1
BRDA:21,1,0,3
BRDA:21,1,1,1
BRF:4
BRH:4
end_of_record
TN:
SF:src/ui/Skeleton/Skeleton.tsx
FN:10,(anonymous_0)
FNF:1
FNH:1
FNDA:3,(anonymous_0)
DA:10,1
DA:11,3
DA:13,3
LF:3
LH:3
BRF:0
BRH:0
end_of_record
TN:
SF:src/ui/button/Button.styled.ts
FN:11,(anonymous_0)
FN:23,(anonymous_1)
FN:24,(anonymous_2)
FN:38,(anonymous_3)
FN:42,(anonymous_4)
FN:56,(anonymous_5)
FNF:6
FNH:6
FNDA:1,(anonymous_0)
FNDA:1,(anonymous_1)
FNDA:1,(anonymous_2)
FNDA:1,(anonymous_3)
FNDA:3,(anonymous_4)
FNDA:3,(anonymous_5)
DA:4,1
DA:10,1
DA:11,1
DA:21,1
DA:23,1
DA:24,1
DA:32,1
DA:38,1
DA:42,1
DA:43,3
DA:44,1
DA:47,2
DA:49,1
DA:51,1
DA:55,1
DA:56,3
LF:16
LH:16
BRDA:43,0,0,1
BRDA:43,0,1,2
BRDA:47,1,0,1
BRDA:47,1,1,1
BRF:4
BRH:4
end_of_record
TN:
SF:src/ui/button/Button.tsx
FN:5,(anonymous_0)
FNF:1
FNH:1
FNDA:3,(anonymous_0)
DA:5,1
DA:12,3
LF:2
LH:2
BRDA:16,0,0,1
BRDA:16,0,1,2
BRDA:17,1,0,1
BRDA:17,1,1,2
BRF:4
BRH:4
end_of_record
TN:
SF:src/ui/text-field/TextField.styled.ts
FN:3,(anonymous_0)
FN:8,(anonymous_1)
FN:9,(anonymous_2)
FN:22,(anonymous_3)
FN:26,(anonymous_4)
FN:31,(anonymous_5)
FN:38,(anonymous_6)
FNF:7
FNH:7
FNDA:3,(anonymous_0)
FNDA:3,(anonymous_1)
FNDA:3,(anonymous_2)
FNDA:3,(anonymous_3)
FNDA:2,(anonymous_4)
FNDA:1,(anonymous_5)
FNDA:3,(anonymous_6)
DA:3,3
DA:8,3
DA:9,3
DA:15,1
DA:19,1
DA:22,3
DA:25,1
DA:26,2
DA:30,1
DA:31,1
DA:35,1
DA:38,3
LF:12
LH:12
BRDA:8,0,0,3
BRDA:8,0,1,1
BRDA:9,1,0,3
BRDA:9,1,1,1
BRDA:22,2,0,3
BRDA:22,2,1,1
BRDA:38,3,0,3
BRDA:38,3,1,1
BRF:8
BRH:8
end_of_record
TN:
SF:src/ui/text-field/TextField.tsx
FN:15,(anonymous_0)
FNF:1
FNH:1
FNDA:3,(anonymous_0)
DA:15,1
DA:25,3
LF:2
LH:2
BRDA:21,0,0,2
BRDA:23,1,0,2
BRDA:28,2,0,1
BRDA:28,2,1,2
BRF:4
BRH:4
end_of_record
