TN:
SF:src/App.tsx
FN:4,App
FN:12,(anonymous_1)
FN:14,(anonymous_2)
FN:15,(anonymous_3)
FN:16,(anonymous_4)
FN:24,(anonymous_5)
FN:26,(anonymous_6)
FNF:7
FNH:0
FNDA:0,App
FNDA:0,(anonymous_1)
FNDA:0,(anonymous_2)
FNDA:0,(anonymous_3)
FNDA:0,(anonymous_4)
FNDA:0,(anonymous_5)
FNDA:0,(anonymous_6)
DA:5,0
DA:6,0
DA:7,0
DA:8,0
DA:10,0
DA:12,0
DA:14,0
DA:15,0
DA:16,0
DA:24,0
DA:26,0
LF:11
LH:0
BRF:0
BRH:0
end_of_record
TN:
SF:src/hooks/use-click-outside.tsx
FN:3,(anonymous_0)
FN:6,(anonymous_1)
FN:12,(anonymous_2)
FN:21,(anonymous_3)
FN:33,(anonymous_4)
FN:37,(anonymous_5)
FNF:6
FNH:5
FNDA:22,(anonymous_0)
FNDA:8,(anonymous_1)
FNDA:0,(anonymous_2)
FNDA:7,(anonymous_3)
FNDA:14,(anonymous_4)
FNDA:14,(anonymous_5)
DA:3,1
DA:4,22
DA:6,22
DA:7,8
DA:11,22
DA:13,0
DA:14,0
DA:20,22
DA:22,7
DA:23,0
DA:26,7
DA:27,1
DA:33,22
DA:34,14
DA:35,14
DA:37,14
DA:38,14
DA:39,14
DA:43,22
LF:19
LH:16
BRDA:13,0,0,0
BRDA:13,0,1,0
BRDA:22,1,0,0
BRDA:22,1,1,7
BRDA:26,2,0,1
BRDA:26,2,1,6
BRF:6
BRH:3
end_of_record
TN:
SF:src/ui/ modal/Modal.styled.ts
FN:16,(anonymous_0)
FNF:1
FNH:1
FNDA:4,(anonymous_0)
DA:3,1
DA:15,1
DA:16,4
LF:3
LH:3
BRF:0
BRH:0
end_of_record
TN:
SF:src/ui/ modal/Modal.tsx
FN:12,(anonymous_0)
FN:13,(anonymous_1)
FN:14,(anonymous_2)
FN:35,(anonymous_3)
FNF:4
FNH:4
FNDA:5,(anonymous_0)
FNDA:5,(anonymous_1)
FNDA:5,(anonymous_2)
FNDA:1,(anonymous_3)
DA:12,1
DA:13,5
DA:14,5
DA:15,5
DA:17,5
DA:18,2
DA:21,5
DA:24,5
DA:25,4
DA:35,1
DA:43,1
LF:11
LH:11
BRDA:17,0,0,2
BRDA:17,0,1,3
BRDA:24,1,0,4
BRDA:24,1,1,1
BRF:4
BRH:4
end_of_record
TN:
SF:src/ui/button/Button.styled.ts
FN:11,(anonymous_0)
FN:23,(anonymous_1)
FN:24,(anonymous_2)
FN:38,(anonymous_3)
FN:42,(anonymous_4)
FN:56,(anonymous_5)
FNF:6
FNH:6
FNDA:1,(anonymous_0)
FNDA:1,(anonymous_1)
FNDA:1,(anonymous_2)
FNDA:1,(anonymous_3)
FNDA:3,(anonymous_4)
FNDA:3,(anonymous_5)
DA:4,1
DA:10,1
DA:11,1
DA:21,1
DA:23,1
DA:24,1
DA:32,1
DA:38,1
DA:42,1
DA:43,3
DA:44,1
DA:47,2
DA:49,1
DA:51,1
DA:55,1
DA:56,3
LF:16
LH:16
BRDA:43,0,0,1
BRDA:43,0,1,2
BRDA:47,1,0,1
BRDA:47,1,1,1
BRF:4
BRH:4
end_of_record
TN:
SF:src/ui/button/Button.tsx
FN:5,(anonymous_0)
FNF:1
FNH:1
FNDA:3,(anonymous_0)
DA:5,1
DA:12,3
LF:2
LH:2
BRDA:16,0,0,1
BRDA:16,0,1,2
BRDA:17,1,0,1
BRDA:17,1,1,2
BRF:4
BRH:4
end_of_record
TN:
SF:src/ui/select/Select.styled.ts
FN:6,(anonymous_0)
FN:9,(anonymous_1)
FN:26,(anonymous_2)
FN:32,(anonymous_3)
FN:37,(anonymous_4)
FN:38,(anonymous_5)
FN:45,(anonymous_6)
FNF:7
FNH:7
FNDA:14,(anonymous_0)
FNDA:14,(anonymous_1)
FNDA:14,(anonymous_2)
FNDA:14,(anonymous_3)
FNDA:9,(anonymous_4)
FNDA:9,(anonymous_5)
FNDA:9,(anonymous_6)
DA:3,1
DA:6,14
DA:9,14
DA:15,1
DA:23,1
DA:26,14
DA:32,14
DA:36,1
DA:37,9
DA:38,9
DA:45,9
LF:11
LH:11
BRDA:6,0,0,1
BRDA:6,0,1,13
BRDA:9,1,0,14
BRDA:9,1,1,1
BRDA:26,2,0,3
BRDA:26,2,1,11
BRDA:37,3,0,9
BRDA:37,3,1,3
BRDA:38,4,0,3
BRDA:38,4,1,6
BRDA:45,5,0,9
BRDA:45,5,1,6
BRF:12
BRH:12
end_of_record
TN:
SF:src/ui/select/Select.tsx
FN:17,(anonymous_0)
FN:28,(anonymous_1)
FN:34,(anonymous_2)
FN:39,(anonymous_3)
FN:45,(anonymous_4)
FN:48,(anonymous_5)
FN:60,(anonymous_6)
FN:61,(anonymous_7)
FNF:8
FNH:8
FNDA:22,(anonymous_0)
FNDA:9,(anonymous_1)
FNDA:2,(anonymous_2)
FNDA:1,(anonymous_3)
FNDA:5,(anonymous_4)
FNDA:17,(anonymous_5)
FNDA:1,(anonymous_6)
FNDA:1,(anonymous_7)
DA:17,1
DA:26,22
DA:28,22
DA:29,9
DA:30,1
DA:34,22
DA:35,2
DA:36,2
DA:39,22
DA:40,1
DA:43,22
DA:45,5
DA:49,17
DA:50,13
DA:51,13
DA:53,13
DA:54,9
DA:60,1
DA:61,1
DA:68,4
DA:71,4
LF:21
LH:21
BRDA:23,0,0,21
BRDA:29,1,0,1
BRDA:29,1,1,8
BRDA:40,2,0,1
BRDA:40,2,1,1
BRDA:45,3,0,22
BRDA:45,3,1,2
BRDA:48,4,0,22
BRDA:48,4,1,11
BRDA:49,5,0,13
BRDA:49,5,1,4
BRDA:49,6,0,17
BRDA:49,6,1,17
BRDA:53,7,0,9
BRDA:53,7,1,4
BRF:15
BRH:15
end_of_record
TN:
SF:src/ui/select/menu-item/MenuItem.tsx
FN:15,(anonymous_0)
FNF:1
FNH:1
FNDA:9,(anonymous_0)
DA:9,1
DA:15,1
DA:16,9
LF:3
LH:3
BRF:0
BRH:0
end_of_record
TN:
SF:src/ui/skeleton/Skeleton.styled.ts
FN:20,(anonymous_0)
FN:21,(anonymous_1)
FNF:2
FNH:2
FNDA:3,(anonymous_0)
FNDA:3,(anonymous_1)
DA:4,1
DA:18,1
DA:20,3
DA:21,3
LF:4
LH:4
BRDA:20,0,0,3
BRDA:20,0,1,1
BRDA:21,1,0,3
BRDA:21,1,1,1
BRF:4
BRH:4
end_of_record
TN:
SF:src/ui/skeleton/Skeleton.tsx
FN:10,(anonymous_0)
FNF:1
FNH:1
FNDA:3,(anonymous_0)
DA:10,1
DA:11,3
DA:13,3
LF:3
LH:3
BRF:0
BRH:0
end_of_record
TN:
SF:src/ui/text-field/TextField.styled.ts
FN:3,(anonymous_0)
FN:8,(anonymous_1)
FN:9,(anonymous_2)
FN:22,(anonymous_3)
FN:26,(anonymous_4)
FN:31,(anonymous_5)
FNF:6
FNH:6
FNDA:3,(anonymous_0)
FNDA:3,(anonymous_1)
FNDA:3,(anonymous_2)
FNDA:3,(anonymous_3)
FNDA:2,(anonymous_4)
FNDA:1,(anonymous_5)
DA:3,3
DA:8,3
DA:9,3
DA:15,1
DA:19,1
DA:22,3
DA:25,1
DA:26,2
DA:30,1
DA:31,1
LF:10
LH:10
BRDA:8,0,0,3
BRDA:8,0,1,1
BRDA:9,1,0,3
BRDA:9,1,1,1
BRDA:22,2,0,3
BRDA:22,2,1,1
BRF:6
BRH:6
end_of_record
TN:
SF:src/ui/text-field/TextField.tsx
FN:16,(anonymous_0)
FNF:1
FNH:1
FNDA:3,(anonymous_0)
DA:16,1
DA:26,3
LF:2
LH:2
BRDA:22,0,0,2
BRDA:24,1,0,2
BRDA:29,2,0,1
BRDA:29,2,1,2
BRF:4
BRH:4
end_of_record
